# JRE version: OpenJDK Runtime Environment (8.0_302-b08) (build 1.8.0_302-b08)
# Java VM: OpenJDK 64-Bit Server VM (25.302-b08 mixed mode windows-amd64 compressed oops)
Heap:
 PSYoungGen      total 652800K, used 46073K [0x00000000d5580000, 0x0000000100000000, 0x0000000100000000)
  eden space 606720K, 0% used [0x00000000d5580000,0x00000000d5580000,0x00000000fa600000)
  from space 46080K, 99% used [0x00000000fa600000,0x00000000fd2fe570,0x00000000fd300000)
  to   space 46080K, 0% used [0x00000000fd300000,0x00000000fd300000,0x0000000100000000)
 ParOldGen       total 302592K, used 300111K [0x0000000080000000, 0x0000000092780000, 0x00000000d5580000)
  object space 302592K, 99% used [0x0000000080000000,0x0000000092513f98,0x0000000092780000)
 Metaspace       used 118055K, capacity 125140K, committed 125440K, reserved 1157120K
  class space    used 15355K, capacity 16677K, committed 16896K, reserved 1048576K
GC Heap History (10 events):
Event: 1410.843 GC heap after
Heap after GC invocations=60 (full 7):
 PSYoungGen      total 654848K, used 26508K [0x00000000d5580000, 0x0000000100000000, 0x0000000100000000)
  eden space 610816K, 0% used [0x00000000d5580000,0x00000000d5580000,0x00000000faa00000)
  from space 44032K, 60% used [0x00000000faa00000,0x00000000fc3e3240,0x00000000fd500000)
  to   space 43520K, 0% used [0x00000000fd580000,0x00000000fd580000,0x0000000100000000)
 ParOldGen       total 297472K, used 191895K [0x0000000080000000, 0x0000000092280000, 0x00000000d5580000)
  object space 297472K, 64% used [0x0000000080000000,0x000000008bb65e20,0x0000000092280000)
 Metaspace       used 117187K, capacity 124166K, committed 124544K, reserved 1157120K
  class space    used 15270K, capacity 16586K, committed 16768K, reserved 1048576K
}
Event: 1411.908 GC heap before
{Heap before GC invocations=61 (full 7):
 PSYoungGen      total 654848K, used 637324K [0x00000000d5580000, 0x0000000100000000, 0x0000000100000000)
  eden space 610816K, 100% used [0x00000000d5580000,0x00000000faa00000,0x00000000faa00000)
  from space 44032K, 60% used [0x00000000faa00000,0x00000000fc3e3240,0x00000000fd500000)
  to   space 43520K, 0% used [0x00000000fd580000,0x00000000fd580000,0x0000000100000000)
 ParOldGen       total 297472K, used 191895K [0x0000000080000000, 0x0000000092280000, 0x00000000d5580000)
  object space 297472K, 64% used [0x0000000080000000,0x000000008bb65e20,0x0000000092280000)
 Metaspace       used 117209K, capacity 124166K, committed 124544K, reserved 1157120K
  class space    used 15271K, capacity 16586K, committed 16768K, reserved 1048576K
Event: 1411.967 GC heap after
Heap after GC invocations=61 (full 7):
 PSYoungGen      total 650240K, used 36784K [0x00000000d5580000, 0x0000000100000000, 0x0000000100000000)
  eden space 606720K, 0% used [0x00000000d5580000,0x00000000d5580000,0x00000000fa600000)
  from space 43520K, 84% used [0x00000000fd580000,0x00000000ff96c248,0x0000000100000000)
  to   space 46080K, 0% used [0x00000000fa600000,0x00000000fa600000,0x00000000fd300000)
 ParOldGen       total 297472K, used 202275K [0x0000000080000000, 0x0000000092280000, 0x00000000d5580000)
  object space 297472K, 67% used [0x0000000080000000,0x000000008c588cf8,0x0000000092280000)
 Metaspace       used 117209K, capacity 124166K, committed 124544K, reserved 1157120K
  class space    used 15271K, capacity 16586K, committed 16768K, reserved 1048576K
}
Event: 1412.929 GC heap before
{Heap before GC invocations=62 (full 7):
 PSYoungGen      total 650240K, used 643504K [0x00000000d5580000, 0x0000000100000000, 0x0000000100000000)
  eden space 606720K, 100% used [0x00000000d5580000,0x00000000fa600000,0x00000000fa600000)
  from space 43520K, 84% used [0x00000000fd580000,0x00000000ff96c248,0x0000000100000000)
  to   space 46080K, 0% used [0x00000000fa600000,0x00000000fa600000,0x00000000fd300000)
 ParOldGen       total 297472K, used 202275K [0x0000000080000000, 0x0000000092280000, 0x00000000d5580000)
  object space 297472K, 67% used [0x0000000080000000,0x000000008c588cf8,0x0000000092280000)
 Metaspace       used 117263K, capacity 124236K, committed 124544K, reserved 1157120K
  class space    used 15271K, capacity 16587K, committed 16768K, reserved 1048576K
Event: 1412.969 GC heap after
Heap after GC invocations=62 (full 7):
 PSYoungGen      total 652800K, used 21997K [0x00000000d5580000, 0x00000000fff80000, 0x0000000100000000)
  eden space 606720K, 0% used [0x00000000d5580000,0x00000000d5580000,0x00000000fa600000)
  from space 46080K, 47% used [0x00000000fa600000,0x00000000fbb7b6b0,0x00000000fd300000)
  to   space 44544K, 0% used [0x00000000fd400000,0x00000000fd400000,0x00000000fff80000)
 ParOldGen       total 297472K, used 221200K [0x0000000080000000, 0x0000000092280000, 0x00000000d5580000)
  object space 297472K, 74% used [0x0000000080000000,0x000000008d804340,0x0000000092280000)
 Metaspace       used 117263K, capacity 124236K, committed 124544K, reserved 1157120K
  class space    used 15271K, capacity 16587K, committed 16768K, reserved 1048576K
}
Event: 1414.118 GC heap before
{Heap before GC invocations=63 (full 7):
 PSYoungGen      total 652800K, used 628717K [0x00000000d5580000, 0x00000000fff80000, 0x0000000100000000)
  eden space 606720K, 100% used [0x00000000d5580000,0x00000000fa600000,0x00000000fa600000)
  from space 46080K, 47% used [0x00000000fa600000,0x00000000fbb7b6b0,0x00000000fd300000)
  to   space 44544K, 0% used [0x00000000fd400000,0x00000000fd400000,0x00000000fff80000)
 ParOldGen       total 297472K, used 221200K [0x0000000080000000, 0x0000000092280000, 0x00000000d5580000)
  object space 297472K, 74% used [0x0000000080000000,0x000000008d804340,0x0000000092280000)
 Metaspace       used 117269K, capacity 124236K, committed 124544K, reserved 1157120K
  class space    used 15271K, capacity 16587K, committed 16768K, reserved 1048576K
Event: 1414.134 GC heap after
Heap after GC invocations=63 (full 7):
 PSYoungGen      total 651264K, used 4606K [0x00000000d5580000, 0x0000000100000000, 0x0000000100000000)
  eden space 606720K, 0% used [0x00000000d5580000,0x00000000d5580000,0x00000000fa600000)
  from space 44544K, 10% used [0x00000000fd400000,0x00000000fd87f9c0,0x00000000fff80000)
  to   space 46080K, 0% used [0x00000000fa600000,0x00000000fa600000,0x00000000fd300000)
 ParOldGen       total 297472K, used 227279K [0x0000000080000000, 0x0000000092280000, 0x00000000d5580000)
  object space 297472K, 76% used [0x0000000080000000,0x000000008ddf3ef0,0x0000000092280000)
 Metaspace       used 117269K, capacity 124236K, committed 124544K, reserved 1157120K
  class space    used 15271K, capacity 16587K, committed 16768K, reserved 1048576K
}
Event: 1418.191 GC heap before
{Heap before GC invocations=64 (full 7):
 PSYoungGen      total 651264K, used 611326K [0x00000000d5580000, 0x0000000100000000, 0x0000000100000000)
  eden space 606720K, 100% used [0x00000000d5580000,0x00000000fa600000,0x00000000fa600000)
  from space 44544K, 10% used [0x00000000fd400000,0x00000000fd87f9c0,0x00000000fff80000)
  to   space 46080K, 0% used [0x00000000fa600000,0x00000000fa600000,0x00000000fd300000)
 ParOldGen       total 297472K, used 227279K [0x0000000080000000, 0x0000000092280000, 0x00000000d5580000)
  object space 297472K, 76% used [0x0000000080000000,0x000000008ddf3ef0,0x0000000092280000)
 Metaspace       used 118055K, capacity 125140K, committed 125440K, reserved 1157120K
  class space    used 15355K, capacity 16677K, committed 16896K, reserved 1048576K
Event: 1418.336 GC heap after
Heap after GC invocations=64 (full 7):
 PSYoungGen      total 652800K, used 46073K [0x00000000d5580000, 0x0000000100000000, 0x0000000100000000)
  eden space 606720K, 0% used [0x00000000d5580000,0x00000000d5580000,0x00000000fa600000)
  from space 46080K, 99% used [0x00000000fa600000,0x00000000fd2fe570,0x00000000fd300000)
  to   space 46080K, 0% used [0x00000000fd300000,0x00000000fd300000,0x0000000100000000)
 ParOldGen       total 302592K, used 300111K [0x0000000080000000, 0x0000000092780000, 0x00000000d5580000)
  object space 302592K, 99% used [0x0000000080000000,0x0000000092513f98,0x0000000092780000)
 Metaspace       used 118055K, capacity 125140K, committed 125440K, reserved 1157120K
  class space    used 15355K, capacity 16677K, committed 16896K, reserved 1048576K
}
Event: 1418.336 GC heap before
{Heap before GC invocations=65 (full 8):
 PSYoungGen      total 652800K, used 46073K [0x00000000d5580000, 0x0000000100000000, 0x0000000100000000)
  eden space 606720K, 0% used [0x00000000d5580000,0x00000000d5580000,0x00000000fa600000)
  from space 46080K, 99% used [0x00000000fa600000,0x00000000fd2fe570,0x00000000fd300000)
  to   space 46080K, 0% used [0x00000000fd300000,0x00000000fd300000,0x0000000100000000)
 ParOldGen       total 302592K, used 300111K [0x0000000080000000, 0x0000000092780000, 0x00000000d5580000)
  object space 302592K, 99% used [0x0000000080000000,0x0000000092513f98,0x0000000092780000)
 Metaspace       used 118055K, capacity 125140K, committed 125440K, reserved 1157120K
  class space    used 15355K, capacity 16677K, committed 16896K, reserved 1048576K

